# JRE version: 7.0_21-b11
# Java VM: Java HotSpot(TM) 64-Bit Server VM (23.21-b01 mixed mode windows-amd64 )
Heap
 PSYoungGen      total 225728K, used 79968K [0x00000000b9550000, 0x00000000cdff0000, 0x00000000cdff0000)
  eden space 112896K, 64% used [0x00000000b9550000,0x00000000bdcb0f68,0x00000000c0390000)
  from space 112832K, 6% used [0x00000000c71c0000,0x00000000c7877250,0x00000000cdff0000)
  to   space 112832K, 0% used [0x00000000c0390000,0x00000000c0390000,0x00000000c71c0000)
 ParOldGen       total 677248K, used 68944K [0x000000008fff0000, 0x00000000b9550000, 0x00000000b9550000)
  object space 677248K, 10% used [0x000000008fff0000,0x0000000094344308,0x00000000b9550000)
 PSPermGen       total 23168K, used 23126K [0x000000007fff0000, 0x0000000081690000, 0x000000008fff0000)
  object space 23168K, 99% used [0x000000007fff0000,0x0000000081685870,0x0000000081690000)
GC Heap History (10 events):
Event: 2957.823 GC heap before
{Heap before GC invocations=569 (full 96):
 PSYoungGen      total 225728K, used 221271K [0x00000000b9550000, 0x00000000cdff0000, 0x00000000cdff0000)
  eden space 112896K, 97% used [0x00000000b9550000,0x00000000c014aac8,0x00000000c0390000)
  from space 112832K, 98% used [0x00000000c71c0000,0x00000000cdddb400,0x00000000cdff0000)
  to   space 112832K, 0% used [0x00000000c0390000,0x00000000c0390000,0x00000000c71c0000)
 ParOldGen       total 677248K, used 299129K [0x000000008fff0000, 0x00000000b9550000, 0x00000000b9550000)
  object space 677248K, 44% used [0x000000008fff0000,0x00000000a240e620,0x00000000b9550000)
 PSPermGen       total 23168K, used 23105K [0x000000007fff0000, 0x0000000081690000, 0x000000008fff0000)
  object space 23168K, 99% used [0x000000007fff0000,0x0000000081680658,0x0000000081690000)
Event: 2957.825 GC heap after
Heap after GC invocations=569 (full 96):
 PSYoungGen      total 225728K, used 128K [0x00000000b9550000, 0x00000000cdff0000, 0x00000000cdff0000)
  eden space 112896K, 0% used [0x00000000b9550000,0x00000000b9550000,0x00000000c0390000)
  from space 112832K, 0% used [0x00000000c0390000,0x00000000c03b0000,0x00000000c71c0000)
  to   space 112832K, 0% used [0x00000000c71c0000,0x00000000c71c0000,0x00000000cdff0000)
 ParOldGen       total 677248K, used 299145K [0x000000008fff0000, 0x00000000b9550000, 0x00000000b9550000)
  object space 677248K, 44% used [0x000000008fff0000,0x00000000a2412620,0x00000000b9550000)
 PSPermGen       total 23168K, used 23105K [0x000000007fff0000, 0x0000000081690000, 0x000000008fff0000)
  object space 23168K, 99% used [0x000000007fff0000,0x0000000081680658,0x0000000081690000)
}
Event: 2958.097 GC heap before
{Heap before GC invocations=570 (full 96):
 PSYoungGen      total 225728K, used 88524K [0x00000000b9550000, 0x00000000cdff0000, 0x00000000cdff0000)
  eden space 112896K, 78% used [0x00000000b9550000,0x00000000beba3050,0x00000000c0390000)
  from space 112832K, 0% used [0x00000000c0390000,0x00000000c03b0000,0x00000000c71c0000)
  to   space 112832K, 0% used [0x00000000c71c0000,0x00000000c71c0000,0x00000000cdff0000)
 ParOldGen       total 677248K, used 299145K [0x000000008fff0000, 0x00000000b9550000, 0x00000000b9550000)
  object space 677248K, 44% used [0x000000008fff0000,0x00000000a2412620,0x00000000b9550000)
 PSPermGen       total 23168K, used 23105K [0x000000007fff0000, 0x0000000081690000, 0x000000008fff0000)
  object space 23168K, 99% used [0x000000007fff0000,0x0000000081680658,0x0000000081690000)
Event: 2958.134 GC heap after
Heap after GC invocations=570 (full 96):
 PSYoungGen      total 225728K, used 87045K [0x00000000b9550000, 0x00000000cdff0000, 0x00000000cdff0000)
  eden space 112896K, 0% used [0x00000000b9550000,0x00000000b9550000,0x00000000c0390000)
  from space 112832K, 77% used [0x00000000c71c0000,0x00000000cc6c17b8,0x00000000cdff0000)
  to   space 112832K, 0% used [0x00000000c0390000,0x00000000c0390000,0x00000000c71c0000)
 ParOldGen       total 677248K, used 357093K [0x000000008fff0000, 0x00000000b9550000, 0x00000000b9550000)
  object space 677248K, 52% used [0x000000008fff0000,0x00000000a5ca95f0,0x00000000b9550000)
 PSPermGen       total 23168K, used 23105K [0x000000007fff0000, 0x0000000081690000, 0x000000008fff0000)
  object space 23168K, 99% used [0x000000007fff0000,0x0000000081680658,0x0000000081690000)
}
Event: 2958.633 GC heap before
{Heap before GC invocations=571 (full 96):
 PSYoungGen      total 225728K, used 199941K [0x00000000b9550000, 0x00000000cdff0000, 0x00000000cdff0000)
  eden space 112896K, 100% used [0x00000000b9550000,0x00000000c0390000,0x00000000c0390000)
  from space 112832K, 77% used [0x00000000c71c0000,0x00000000cc6c17b8,0x00000000cdff0000)
  to   space 112832K, 0% used [0x00000000c0390000,0x00000000c0390000,0x00000000c71c0000)
 ParOldGen       total 677248K, used 357093K [0x000000008fff0000, 0x00000000b9550000, 0x00000000b9550000)
  object space 677248K, 52% used [0x000000008fff0000,0x00000000a5ca95f0,0x00000000b9550000)
 PSPermGen       total 23168K, used 23105K [0x000000007fff0000, 0x0000000081690000, 0x000000008fff0000)
  object space 23168K, 99% used [0x000000007fff0000,0x0000000081680658,0x0000000081690000)
Event: 2958.667 GC heap after
Heap after GC invocations=571 (full 96):
 PSYoungGen      total 225728K, used 160K [0x00000000b9550000, 0x00000000cdff0000, 0x00000000cdff0000)
  eden space 112896K, 0% used [0x00000000b9550000,0x00000000b9550000,0x00000000c0390000)
  from space 112832K, 0% used [0x00000000c0390000,0x00000000c03b8000,0x00000000c71c0000)
  to   space 112832K, 0% used [0x00000000c71c0000,0x00000000c71c0000,0x00000000cdff0000)
 ParOldGen       total 677248K, used 501935K [0x000000008fff0000, 0x00000000b9550000, 0x00000000b9550000)
  object space 677248K, 74% used [0x000000008fff0000,0x00000000aea1bd78,0x00000000b9550000)
 PSPermGen       total 23168K, used 23105K [0x000000007fff0000, 0x0000000081690000, 0x000000008fff0000)
  object space 23168K, 99% used [0x000000007fff0000,0x0000000081680658,0x0000000081690000)
}
Event: 2958.667 GC heap before
{Heap before GC invocations=572 (full 97):
 PSYoungGen      total 225728K, used 160K [0x00000000b9550000, 0x00000000cdff0000, 0x00000000cdff0000)
  eden space 112896K, 0% used [0x00000000b9550000,0x00000000b9550000,0x00000000c0390000)
  from space 112832K, 0% used [0x00000000c0390000,0x00000000c03b8000,0x00000000c71c0000)
  to   space 112832K, 0% used [0x00000000c71c0000,0x00000000c71c0000,0x00000000cdff0000)
 ParOldGen       total 677248K, used 501935K [0x000000008fff0000, 0x00000000b9550000, 0x00000000b9550000)
  object space 677248K, 74% used [0x000000008fff0000,0x00000000aea1bd78,0x00000000b9550000)
 PSPermGen       total 23168K, used 23105K [0x000000007fff0000, 0x0000000081690000, 0x000000008fff0000)
  object space 23168K, 99% used [0x000000007fff0000,0x0000000081680658,0x0000000081690000)
Event: 2958.752 GC heap after
Heap after GC invocations=572 (full 97):
 PSYoungGen      total 225728K, used 0K [0x00000000b9550000, 0x00000000cdff0000, 0x00000000cdff0000)
  eden space 112896K, 0% used [0x00000000b9550000,0x00000000b9550000,0x00000000c0390000)
  from space 112832K, 0% used [0x00000000c0390000,0x00000000c0390000,0x00000000c71c0000)
  to   space 112832K, 0% used [0x00000000c71c0000,0x00000000c71c0000,0x00000000cdff0000)
 ParOldGen       total 677248K, used 68944K [0x000000008fff0000, 0x00000000b9550000, 0x00000000b9550000)
  object space 677248K, 10% used [0x000000008fff0000,0x0000000094344308,0x00000000b9550000)
 PSPermGen       total 23168K, used 23105K [0x000000007fff0000, 0x0000000081690000, 0x000000008fff0000)
  object space 23168K, 99% used [0x000000007fff0000,0x0000000081680658,0x0000000081690000)
}
Event: 2967.829 GC heap before
{Heap before GC invocations=573 (full 97):
 PSYoungGen      total 225728K, used 112896K [0x00000000b9550000, 0x00000000cdff0000, 0x00000000cdff0000)
  eden space 112896K, 100% used [0x00000000b9550000,0x00000000c0390000,0x00000000c0390000)
  from space 112832K, 0% used [0x00000000c0390000,0x00000000c0390000,0x00000000c71c0000)
  to   space 112832K, 0% used [0x00000000c71c0000,0x00000000c71c0000,0x00000000cdff0000)
 ParOldGen       total 677248K, used 68944K [0x000000008fff0000, 0x00000000b9550000, 0x00000000b9550000)
  object space 677248K, 10% used [0x000000008fff0000,0x0000000094344308,0x00000000b9550000)
 PSPermGen       total 23168K, used 23126K [0x000000007fff0000, 0x0000000081690000, 0x000000008fff0000)
  object space 23168K, 99% used [0x000000007fff0000,0x0000000081685870,0x0000000081690000)
Event: 2967.836 GC heap after
Heap after GC invocations=573 (full 97):
 PSYoungGen      total 225728K, used 6876K [0x00000000b9550000, 0x00000000cdff0000, 0x00000000cdff0000)
  eden space 112896K, 0% used [0x00000000b9550000,0x00000000b9550000,0x00000000c0390000)
  from space 112832K, 6% used [0x00000000c71c0000,0x00000000c7877250,0x00000000cdff0000)
  to   space 112832K, 0% used [0x00000000c0390000,0x00000000c0390000,0x00000000c71c0000)
 ParOldGen       total 677248K, used 68944K [0x000000008fff0000, 0x00000000b9550000, 0x00000000b9550000)
  object space 677248K, 10% used [0x000000008fff0000,0x0000000094344308,0x00000000b9550000)
 PSPermGen       total 23168K, used 23126K [0x000000007fff0000, 0x0000000081690000, 0x000000008fff0000)
  object space 23168K, 99% used [0x000000007fff0000,0x0000000081685870,0x0000000081690000)
}

