# JRE version: 7.0_21-b11
# Java VM: Java HotSpot(TM) 64-Bit Server VM (23.21-b01 mixed mode windows-amd64 )
Heap
 PSYoungGen      total 225728K, used 99879K [0x00000000b9550000, 0x00000000cdff0000, 0x00000000cdff0000)
  eden space 112896K, 73% used [0x00000000b9550000,0x00000000be6ca570,0x00000000c0390000)
  from space 112832K, 14% used [0x00000000c0390000,0x00000000c139f8e0,0x00000000c71c0000)
  to   space 112832K, 0% used [0x00000000c71c0000,0x00000000c71c0000,0x00000000cdff0000)
 ParOldGen       total 677248K, used 399037K [0x000000008fff0000, 0x00000000b9550000, 0x00000000b9550000)
  object space 677248K, 58% used [0x000000008fff0000,0x00000000a859f608,0x00000000b9550000)
 PSPermGen       total 25280K, used 25013K [0x000000007fff0000, 0x00000000818a0000, 0x000000008fff0000)
  object space 25280K, 98% used [0x000000007fff0000,0x000000008185d400,0x00000000818a0000)
GC Heap History (10 events):
Event: 7322.973 GC heap before
{Heap before GC invocations=3065 (full 266):
 PSYoungGen      total 225728K, used 101669K [0x00000000b9550000, 0x00000000cdff0000, 0x00000000cdff0000)
  eden space 112896K, 79% used [0x00000000b9550000,0x00000000bec8f4d0,0x00000000c0390000)
  from space 112832K, 10% used [0x00000000c71c0000,0x00000000c7dca0a0,0x00000000cdff0000)
  to   space 112832K, 0% used [0x00000000c0390000,0x00000000c0390000,0x00000000c71c0000)
 ParOldGen       total 677248K, used 35376K [0x000000008fff0000, 0x00000000b9550000, 0x00000000b9550000)
  object space 677248K, 5% used [0x000000008fff0000,0x000000009227c100,0x00000000b9550000)
 PSPermGen       total 25280K, used 25012K [0x000000007fff0000, 0x00000000818a0000, 0x000000008fff0000)
  object space 25280K, 98% used [0x000000007fff0000,0x000000008185d270,0x00000000818a0000)
Event: 7322.999 GC heap after
Heap after GC invocations=3065 (full 266):
 PSYoungGen      total 225728K, used 106954K [0x00000000b9550000, 0x00000000cdff0000, 0x00000000cdff0000)
  eden space 112896K, 0% used [0x00000000b9550000,0x00000000b9550000,0x00000000c0390000)
  from space 112832K, 94% used [0x00000000c0390000,0x00000000c6c02920,0x00000000c71c0000)
  to   space 112832K, 0% used [0x00000000c71c0000,0x00000000c71c0000,0x00000000cdff0000)
 ParOldGen       total 677248K, used 62578K [0x000000008fff0000, 0x00000000b9550000, 0x00000000b9550000)
  object space 677248K, 9% used [0x000000008fff0000,0x0000000093d0cb48,0x00000000b9550000)
 PSPermGen       total 25280K, used 25012K [0x000000007fff0000, 0x00000000818a0000, 0x000000008fff0000)
  object space 25280K, 98% used [0x000000007fff0000,0x000000008185d270,0x00000000818a0000)
}
Event: 7323.261 GC heap before
{Heap before GC invocations=3066 (full 266):
 PSYoungGen      total 225728K, used 219850K [0x00000000b9550000, 0x00000000cdff0000, 0x00000000cdff0000)
  eden space 112896K, 100% used [0x00000000b9550000,0x00000000c0390000,0x00000000c0390000)
  from space 112832K, 94% used [0x00000000c0390000,0x00000000c6c02920,0x00000000c71c0000)
  to   space 112832K, 0% used [0x00000000c71c0000,0x00000000c71c0000,0x00000000cdff0000)
 ParOldGen       total 677248K, used 62578K [0x000000008fff0000, 0x00000000b9550000, 0x00000000b9550000)
  object space 677248K, 9% used [0x000000008fff0000,0x0000000093d0cb48,0x00000000b9550000)
 PSPermGen       total 25280K, used 25012K [0x000000007fff0000, 0x00000000818a0000, 0x000000008fff0000)
  object space 25280K, 98% used [0x000000007fff0000,0x000000008185d270,0x00000000818a0000)
Event: 7323.287 GC heap after
Heap after GC invocations=3066 (full 266):
 PSYoungGen      total 225728K, used 247K [0x00000000b9550000, 0x00000000cdff0000, 0x00000000cdff0000)
  eden space 112896K, 0% used [0x00000000b9550000,0x00000000b9550000,0x00000000c0390000)
  from space 112832K, 0% used [0x00000000c71c0000,0x00000000c71fddf0,0x00000000cdff0000)
  to   space 112832K, 0% used [0x00000000c0390000,0x00000000c0390000,0x00000000c71c0000)
 ParOldGen       total 677248K, used 196103K [0x000000008fff0000, 0x00000000b9550000, 0x00000000b9550000)
  object space 677248K, 28% used [0x000000008fff0000,0x000000009bf71eb0,0x00000000b9550000)
 PSPermGen       total 25280K, used 25012K [0x000000007fff0000, 0x00000000818a0000, 0x000000008fff0000)
  object space 25280K, 98% used [0x000000007fff0000,0x000000008185d270,0x00000000818a0000)
}
Event: 7323.591 GC heap before
{Heap before GC invocations=3067 (full 266):
 PSYoungGen      total 225728K, used 100534K [0x00000000b9550000, 0x00000000cdff0000, 0x00000000cdff0000)
  eden space 112896K, 88% used [0x00000000b9550000,0x00000000bf73fd40,0x00000000c0390000)
  from space 112832K, 0% used [0x00000000c71c0000,0x00000000c71fddf0,0x00000000cdff0000)
  to   space 112832K, 0% used [0x00000000c0390000,0x00000000c0390000,0x00000000c71c0000)
 ParOldGen       total 677248K, used 196103K [0x000000008fff0000, 0x00000000b9550000, 0x00000000b9550000)
  object space 677248K, 28% used [0x000000008fff0000,0x000000009bf71eb0,0x00000000b9550000)
 PSPermGen       total 25280K, used 25012K [0x000000007fff0000, 0x00000000818a0000, 0x000000008fff0000)
  object space 25280K, 98% used [0x000000007fff0000,0x000000008185d270,0x00000000818a0000)
Event: 7323.619 GC heap after
Heap after GC invocations=3067 (full 266):
 PSYoungGen      total 225728K, used 87045K [0x00000000b9550000, 0x00000000cdff0000, 0x00000000cdff0000)
  eden space 112896K, 0% used [0x00000000b9550000,0x00000000b9550000,0x00000000c0390000)
  from space 112832K, 77% used [0x00000000c0390000,0x00000000c58917b8,0x00000000c71c0000)
  to   space 112832K, 0% used [0x00000000c71c0000,0x00000000c71c0000,0x00000000cdff0000)
 ParOldGen       total 677248K, used 254107K [0x000000008fff0000, 0x00000000b9550000, 0x00000000b9550000)
  object space 677248K, 37% used [0x000000008fff0000,0x000000009f816e80,0x00000000b9550000)
 PSPermGen       total 25280K, used 25012K [0x000000007fff0000, 0x00000000818a0000, 0x000000008fff0000)
  object space 25280K, 98% used [0x000000007fff0000,0x000000008185d270,0x00000000818a0000)
}
Event: 7323.946 GC heap before
{Heap before GC invocations=3068 (full 266):
 PSYoungGen      total 225728K, used 199941K [0x00000000b9550000, 0x00000000cdff0000, 0x00000000cdff0000)
  eden space 112896K, 100% used [0x00000000b9550000,0x00000000c0390000,0x00000000c0390000)
  from space 112832K, 77% used [0x00000000c0390000,0x00000000c58917b8,0x00000000c71c0000)
  to   space 112832K, 0% used [0x00000000c71c0000,0x00000000c71c0000,0x00000000cdff0000)
 ParOldGen       total 677248K, used 254107K [0x000000008fff0000, 0x00000000b9550000, 0x00000000b9550000)
  object space 677248K, 37% used [0x000000008fff0000,0x000000009f816e80,0x00000000b9550000)
 PSPermGen       total 25280K, used 25012K [0x000000007fff0000, 0x00000000818a0000, 0x000000008fff0000)
  object space 25280K, 98% used [0x000000007fff0000,0x000000008185d270,0x00000000818a0000)
Event: 7323.976 GC heap after
Heap after GC invocations=3068 (full 266):
 PSYoungGen      total 225728K, used 160K [0x00000000b9550000, 0x00000000cdff0000, 0x00000000cdff0000)
  eden space 112896K, 0% used [0x00000000b9550000,0x00000000b9550000,0x00000000c0390000)
  from space 112832K, 0% used [0x00000000c71c0000,0x00000000c71e8000,0x00000000cdff0000)
  to   space 112832K, 0% used [0x00000000c0390000,0x00000000c0390000,0x00000000c71c0000)
 ParOldGen       total 677248K, used 398997K [0x000000008fff0000, 0x00000000b9550000, 0x00000000b9550000)
  object space 677248K, 58% used [0x000000008fff0000,0x00000000a8595608,0x00000000b9550000)
 PSPermGen       total 25280K, used 25012K [0x000000007fff0000, 0x00000000818a0000, 0x000000008fff0000)
  object space 25280K, 98% used [0x000000007fff0000,0x000000008185d270,0x00000000818a0000)
}
Event: 7326.289 GC heap before
{Heap before GC invocations=3069 (full 266):
 PSYoungGen      total 225728K, used 113056K [0x00000000b9550000, 0x00000000cdff0000, 0x00000000cdff0000)
  eden space 112896K, 100% used [0x00000000b9550000,0x00000000c0390000,0x00000000c0390000)
  from space 112832K, 0% used [0x00000000c71c0000,0x00000000c71e8000,0x00000000cdff0000)
  to   space 112832K, 0% used [0x00000000c0390000,0x00000000c0390000,0x00000000c71c0000)
 ParOldGen       total 677248K, used 398997K [0x000000008fff0000, 0x00000000b9550000, 0x00000000b9550000)
  object space 677248K, 58% used [0x000000008fff0000,0x00000000a8595608,0x00000000b9550000)
 PSPermGen       total 25280K, used 25013K [0x000000007fff0000, 0x00000000818a0000, 0x000000008fff0000)
  object space 25280K, 98% used [0x000000007fff0000,0x000000008185d400,0x00000000818a0000)
Event: 7326.296 GC heap after
Heap after GC invocations=3069 (full 266):
 PSYoungGen      total 225728K, used 16446K [0x00000000b9550000, 0x00000000cdff0000, 0x00000000cdff0000)
  eden space 112896K, 0% used [0x00000000b9550000,0x00000000b9550000,0x00000000c0390000)
  from space 112832K, 14% used [0x00000000c0390000,0x00000000c139f8e0,0x00000000c71c0000)
  to   space 112832K, 0% used [0x00000000c71c0000,0x00000000c71c0000,0x00000000cdff0000)
 ParOldGen       total 677248K, used 399037K [0x000000008fff0000, 0x00000000b9550000, 0x00000000b9550000)
  object space 677248K, 58% used [0x000000008fff0000,0x00000000a859f608,0x00000000b9550000)
 PSPermGen       total 25280K, used 25013K [0x000000007fff0000, 0x00000000818a0000, 0x000000008fff0000)
  object space 25280K, 98% used [0x000000007fff0000,0x000000008185d400,0x00000000818a0000)
}

